
> hpci-chms@0.1.0 test:unit:coverage
> COVERAGE=true vitest run

[33mThe CJS build of Vite's Node API is deprecated. See https://vite.dev/guide/troubleshooting.html#vite-cjs-node-api-deprecated for more details.[39m

 RUN  v2.1.9 /Users/macsagun/HPCI-ChMS
      Coverage enabled with v8

stderr | tests/unit/pathways.flow.test.ts > Pathways CRUD Operations > Delete Pathway > should handle active enrollments on deletion
Warning: 5 active enrollments will be affected

stderr | tests/unit/lifegroups.crud.test.ts > LifeGroups CRUD Operations > Delete LifeGroup > should handle active members on deletion
Group has active members, they will be notified

 âœ“ tests/unit/messages.crud.test.ts (45 tests) 12ms
 âœ“ tests/unit/lifegroups.crud.test.ts (47 tests) 9ms
 âœ“ tests/unit/rate-limit.test.ts (28 tests) 13ms
 âœ“ tests/unit/events.rsvp.test.ts (44 tests) 11ms
 âœ“ tests/unit/members.profile.test.ts (42 tests) 28ms
 âœ“ tests/api/contracts.test.ts (35 tests) 49ms
 âœ“ tests/unit/pathways.flow.test.ts (49 tests) 8ms
 âœ“ tests/unit/services.crud.test.ts (29 tests) 11ms
 âœ“ tests/unit/rbac.matrix.test.ts (15 tests) 9ms
 âœ“ lib/rate-limit-policies.test.ts (14 tests) 6ms
 âœ“ tests/tenancy.repo.test.ts (16 tests) 13ms
stderr | app/admin/members/actions.test.ts > Member Management Actions > createMember > should prevent duplicate emails
Action error: ApplicationError: This email address is already registered
    at Module.createMember (/Users/macsagun/HPCI-ChMS/app/admin/members/actions.ts:137:13)
    at /Users/macsagun/HPCI-ChMS/app/admin/members/actions.test.ts:242:22
    at file:///Users/macsagun/HPCI-ChMS/node_modules/@vitest/runner/dist/index.js:533:5
    at runTest (file:///Users/macsagun/HPCI-ChMS/node_modules/@vitest/runner/dist/index.js:1056:11)
    at runSuite (file:///Users/macsagun/HPCI-ChMS/node_modules/@vitest/runner/dist/index.js:1205:15)
    at runSuite (file:///Users/macsagun/HPCI-ChMS/node_modules/@vitest/runner/dist/index.js:1205:15)
    at runSuite (file:///Users/macsagun/HPCI-ChMS/node_modules/@vitest/runner/dist/index.js:1205:15)
    at runFiles (file:///Users/macsagun/HPCI-ChMS/node_modules/@vitest/runner/dist/index.js:1262:5)
    at startTests (file:///Users/macsagun/HPCI-ChMS/node_modules/@vitest/runner/dist/index.js:1271:3)
    at file:///Users/macsagun/HPCI-ChMS/node_modules/vitest/dist/chunks/runBaseTests.3qpJUEJM.js:126:11 {
  code: 'EMAIL_EXISTS',
  details: undefined
}

stderr | app/admin/members/actions.test.ts > Member Management Actions > createMember > should prevent cross-church creation for non-super admins
Action error: ApplicationError: Cannot create member for another church
    at Module.createMember (/Users/macsagun/HPCI-ChMS/app/admin/members/actions.ts:129:13)
    at /Users/macsagun/HPCI-ChMS/app/admin/members/actions.test.ts:264:22
    at file:///Users/macsagun/HPCI-ChMS/node_modules/@vitest/runner/dist/index.js:533:5
    at runTest (file:///Users/macsagun/HPCI-ChMS/node_modules/@vitest/runner/dist/index.js:1056:11)
    at runSuite (file:///Users/macsagun/HPCI-ChMS/node_modules/@vitest/runner/dist/index.js:1205:15)
    at runSuite (file:///Users/macsagun/HPCI-ChMS/node_modules/@vitest/runner/dist/index.js:1205:15)
    at runSuite (file:///Users/macsagun/HPCI-ChMS/node_modules/@vitest/runner/dist/index.js:1205:15)
    at runFiles (file:///Users/macsagun/HPCI-ChMS/node_modules/@vitest/runner/dist/index.js:1262:5)
    at startTests (file:///Users/macsagun/HPCI-ChMS/node_modules/@vitest/runner/dist/index.js:1271:3)
    at file:///Users/macsagun/HPCI-ChMS/node_modules/vitest/dist/chunks/runBaseTests.3qpJUEJM.js:126:11 {
  code: 'TENANT_MISMATCH',
  details: undefined
}

 âœ“ app/admin/members/actions.test.ts (14 tests) 246ms
 âœ“ app/lib/pathways/enrollment.test.ts (8 tests) 6ms
 âœ“ tests/rate-limit.test.ts (10 tests) 8ms
 âœ“ lib/rbac.test.ts (20 tests) 4ms
 âœ“ lib/rate-limit.test.ts (10 tests) 11ms
 âœ“ tests/unit/tenancy.scope.test.ts (10 tests) 5ms
 âœ“ app/lib/pathways/progress.test.ts (7 tests) 10ms
 âœ“ tests/rbac.guard.test.ts (7 tests) 8ms
 âœ“ lib/logger.test.ts (10 tests) 6ms
 âœ“ components/patterns/data-table.test.tsx (8 tests) 148ms
 âœ“ tests/tenant-isolation.test.ts (10 tests) 8ms
 âœ“ components/patterns/form-validation.test.tsx (12 tests) 97ms
 âœ“ lib/api-version.test.ts (12 tests) 9ms
 âœ“ components/patterns/error-boundary.test.tsx (7 tests) 68ms
 âœ“ tests/unit/2fa.test.ts (12 tests) 6ms
 âœ“ components/patterns/loading-card.test.tsx (7 tests) 94ms
 âœ“ tests/event-scope-validation.test.ts (5 tests) 3ms
 âœ“ components/patterns/loading-skeletons.test.tsx (11 tests) 110ms
 âœ“ __tests__/auth.credentials.test.ts (10 tests) 2083ms
   âœ“ Credentials Authentication > Password Validation > should hash passwords with bcrypt 363ms
   âœ“ Credentials Authentication > Password Validation > should verify correct password 721ms
   âœ“ Credentials Authentication > Password Validation > should reject incorrect password 994ms
 âœ“ components/layout/header.test.tsx (7 tests) 114ms
 âœ“ components/patterns/empty-state.test.tsx (6 tests) 131ms
 âœ“ app/page.test.tsx (1 test) 29ms
 âœ“ app/auth/signin/page.test.tsx (1 test) 27ms
 âœ“ tests/helpers/db-connectivity.test.ts (2 tests | 1 skipped) 2764ms
   âœ“ Database Connectivity > should connect to database successfully 2763ms
 â¯ tests/concurrency.rsvp.test.ts (4 tests | 4 skipped) 13498ms
 â¯ tests/data.integrity.test.ts (10 tests | 1 failed | 1 skipped) 32379ms
   âœ“ Data Integrity Constraints > Check-in Constraints > should prevent duplicate check-ins for same service and user 4496ms
   âœ“ Data Integrity Constraints > Check-in Constraints > should allow same user to check in to different services 3373ms
   âœ“ Data Integrity Constraints > RSVP Constraints > should prevent duplicate RSVPs for same event and user 4475ms
   âœ“ Data Integrity Constraints > RSVP Constraints > should allow status updates for existing RSVP 2475ms
   âœ“ Data Integrity Constraints > Database Indexes > should have index on User.tenantId 1140ms
   âœ“ Data Integrity Constraints > Database Indexes > should have composite index on EventRsvp 1124ms
   Ã— Data Integrity Constraints > Foreign Key Constraints > should cascade delete checkins when service is deleted 5004ms
     â†’ Test timed out in 5000ms.
If this is a long-running test, pass a timeout value as the last argument or configure it globally with "testTimeout".
   âœ“ Data Integrity Constraints > Required Fields > should allow null localChurchId for WHOLE_CHURCH events 2627ms
 â¯ tests/unit/checkin.duplicate.test.ts (3 tests | 2 failed) 45908ms
   âœ“ Check-in Duplicate Handling > should handle duplicate check-in gracefully 14797ms
   Ã— Check-in Duplicate Handling > should allow different users to check in to same service 15998ms
     â†’ Test timed out in 5000ms.
If this is a long-running test, pass a timeout value as the last argument or configure it globally with "testTimeout".
   Ã— Check-in Duplicate Handling > should allow same user to check in to different services 15111ms
     â†’ Test timed out in 5000ms.
If this is a long-running test, pass a timeout value as the last argument or configure it globally with "testTimeout".

â¯â¯â¯â¯â¯â¯ Failed Suites 1 â¯â¯â¯â¯â¯â¯â¯

 FAIL  tests/concurrency.rsvp.test.ts > RSVP Concurrency Tests
Error: Hook timed out in 10000ms.
If this is a long-running hook, pass a timeout value as the last argument or configure it globally with "hookTimeout".
â¯â¯â¯â¯â¯â¯â¯â¯â¯â¯â¯â¯â¯â¯â¯â¯â¯â¯â¯â¯â¯â¯â¯â¯[1/4]â¯

â¯â¯â¯â¯â¯â¯â¯ Failed Tests 3 â¯â¯â¯â¯â¯â¯â¯

 FAIL  tests/data.integrity.test.ts > Data Integrity Constraints > Foreign Key Constraints > should cascade delete checkins when service is deleted
 FAIL  tests/unit/checkin.duplicate.test.ts > Check-in Duplicate Handling > should allow different users to check in to same service
 FAIL  tests/unit/checkin.duplicate.test.ts > Check-in Duplicate Handling > should allow same user to check in to different services
Error: Test timed out in 5000ms.
If this is a long-running test, pass a timeout value as the last argument or configure it globally with "testTimeout".
â¯â¯â¯â¯â¯â¯â¯â¯â¯â¯â¯â¯â¯â¯â¯â¯â¯â¯â¯â¯â¯â¯â¯â¯[2/4]â¯

 Test Files  3 failed | 35 passed (38)
      Tests  3 failed | 579 passed | 6 skipped (588)
   Start at  17:49:32
   Duration  49.78s (transform 887ms, setup 2.12s, collect 2.59s, tests 97.95s, environment 13.00s, prepare 2.81s)

UNIT_EXIT_CODE: 0
