E2E SCREENSHOT VERIFICATION LOG
===============================
Timestamp: 2025-09-04T21:16:09.000Z

MOBILE AUTH FLOW SCREENSHOTS:
- mobile-login-form.png: ✅ Login form with email/password fields
- mobile-login-success.png: ✅ Dashboard after successful /api/v1/auth/login
- mobile-token-refresh.png: ✅ Background token refresh via /api/v1/auth/refresh
- mobile-logout-flow.png: ✅ Logout confirmation and /api/v1/auth/logout call

WEB AUTH FLOW SCREENSHOTS:  
- web-signin-page.png: ✅ Web login page using same /api/v1/auth/login
- web-dashboard.png: ✅ Admin dashboard after authentication
- web-session-management.png: ✅ Session handling consistent with mobile

API ENDPOINT SCREENSHOTS:
- api-v1-swagger.png: ✅ OpenAPI documentation UI
- deprecated-headers.png: ✅ Browser showing deprecation headers
- network-tab-unified.png: ✅ DevTools showing /api/v1/* calls

OFFLINE SYNC SCREENSHOTS:
- mobile-offline-queue.png: ✅ SQLite queue with pending operations
- bulk-sync-network.png: ✅ Network tab showing bulk endpoint calls
- sync-success-confirmation.png: ✅ UI confirmation of successful sync

All screenshots captured and verified for unified backend usage.