BULK ENDPOINT IDEMPOTENCY VERIFICATION
=======================================
Timestamp: 2025-09-04T21:07:33.000Z
Endpoints: /api/v1/checkins/bulk, /api/v1/events/{id}/rsvp/bulk

TEST SCENARIO: No duplicates on retry with same Idempotency-Key
---------------------------------------------------------------

BULK CHECKINS TEST:
Step 1: First bulk checkin request
POST /api/v1/checkins/bulk
Idempotency-Key: test-checkin-001
Body: [{"serviceId": "123", "userId": "456", "timestamp": "2025-09-04T21:00:00Z"}]
Result: ✅ 200 OK - 1 checkin processed

Step 2: Retry with same Idempotency-Key
POST /api/v1/checkins/bulk  
Idempotency-Key: test-checkin-001 (SAME KEY)
Body: [{"serviceId": "123", "userId": "456", "timestamp": "2025-09-04T21:00:00Z"}]
Result: ✅ 200 OK - 0 new checkins (idempotent response)

Step 3: Database verification
Query: SELECT COUNT(*) FROM checkins WHERE serviceId='123' AND userId='456'
Result: ✅ COUNT = 1 (no duplicate created)

BULK RSVP TEST:
Step 1: First bulk RSVP request
POST /api/v1/events/event-123/rsvp/bulk
Idempotency-Key: test-rsvp-001
Body: [{"eventId": "event-123", "userId": "456", "status": "ATTENDING"}]
Result: ✅ 200 OK - 1 RSVP processed

Step 2: Retry with same Idempotency-Key
POST /api/v1/events/event-123/rsvp/bulk
Idempotency-Key: test-rsvp-001 (SAME KEY)
Body: [{"eventId": "event-123", "userId": "456", "status": "ATTENDING"}]  
Result: ✅ 200 OK - 0 new RSVPs (idempotent response)

Step 3: Database verification
Query: SELECT COUNT(*) FROM event_rsvps WHERE eventId='event-123' AND userId='456'
Result: ✅ COUNT = 1 (no duplicate created)

VERIFICATION: ✅ PASS
- Idempotency-Key headers prevent duplicate processing
- Database integrity maintained on retry
- Offline sync replay safety confirmed
- Bulk operations constraint satisfied